Iniciando respaldo...
Compresión completada: backup_2026-04-05_01-05-06.tar.gz
Backup subido a S3: mi-bucket-devops-arielmtz/backup_2026-04-05_01-05-06.tar.gz
Archivo local eliminado
Proceso finalizado correctamente
Iniciando respaldo...
Compresión completada: backup_2026-04-06_04-00-44.tar.gz
Error al subir a S3
Iniciando respaldo...
Compresión completada: backup_2026-04-06_04-04-19.tar.gz
Error al subir a S3
Iniciando respaldo...
Compresión completada: backup_2026-04-06_04-05-04.tar.gz
Error al subir a S3
Iniciando respaldo...
Compresión completada: backup_2026-04-06_04-06-06.tar.gz
Backup subido a S3: mi-bucket-devops-arielmtz/backup_2026-04-06_04-06-06.tar.gz
Archivo local eliminado
Proceso finalizado correctamente
Iniciando respaldo...
Compresión completada: backup_2026-04-06_04-17-02.tar.gz
Backup subido a S3: mi-bucket-devops-arielmtz/backup_2026-04-06_04-17-02.tar.gz
Archivo local eliminado
Proceso finalizado correctamente
Iniciando respaldo...
Compresión completada: backup_2026-04-06_04-17-43.tar.gz
Backup subido a S3: mi-bucket-devops-arielmtz/backup_2026-04-06_04-17-43.tar.gz
Archivo local eliminado
Proceso finalizado correctamente
Iniciando respaldo...
Compresión completada: backup_2026-04-06_04-32-42.tar.gz
Backup subido a S3: mi-bucket-devops-arielmtz/backup_2026-04-06_04-32-42.tar.gz
Archivo local eliminado
Proceso finalizado correctamente
Iniciando respaldo...
Compresión completada: backup_2026-04-06_04-33-39.tar.gz
Backup subido a S3: mi-bucket-devops-arielmtz/backup_2026-04-06_04-33-39.tar.gz
Archivo local eliminado
Proceso finalizado correctamente
Iniciando respaldo...
Compresión completada: backup_2026-04-06_04-53-36.tar.gz
Backup subido a S3: mi-bucket-devops-arielmtz/backup_2026-04-06_04-53-36.tar.gz
Archivo local eliminado
Proceso finalizado correctamente
