Iniciando proceso de despliegue...
Ejecutando gestión de EC2...
EC2 ejecutado correctamente
Ejecutando backup en S3...
Error en script S3
Iniciando proceso de despliegue...
Ejecutando gestión de EC2...
EC2 ejecutado correctamente
Ejecutando backup en S3...
Error en script S3
Iniciando proceso de despliegue...
Ejecutando gestión de EC2...
EC2 ejecutado correctamente
Ejecutando backup en S3...
Error en script S3
Iniciando proceso de despliegue...
Ejecutando gestión de EC2...
EC2 ejecutado correctamente
Ejecutando backup en S3...
Backup ejecutado correctamente
Proceso de despliegue finalizado correctamente
Iniciando proceso de despliegue...
Ejecutando gestión de EC2...
EC2 ejecutado correctamente
Ejecutando backup en S3...
Backup ejecutado correctamente
Proceso de despliegue finalizado correctamente
Iniciando proceso de despliegue...
Ejecutando gestión de EC2...
EC2 ejecutado correctamente
Ejecutando backup en S3...
Backup ejecutado correctamente
Proceso de despliegue finalizado correctamente
